2024-09-11T01:10:57.453+05:30  INFO 3156 --- [PAYMENT-SERVICE] [restartedMain] c.r.spring.ps.PaymentServiceApplication  : Starting PaymentServiceApplication using Java 17.0.12 with PID 3156 (D:\Education\java\Spring\Workspace\SW1\Microservice\Payment-Service\target\classes started by Ranjan in D:\Education\java\Spring\Workspace\SW1\Microservice\Payment-Service)
2024-09-11T01:10:57.453+05:30  INFO 3156 --- [PAYMENT-SERVICE] [restartedMain] c.r.spring.ps.PaymentServiceApplication  : No active profile set, falling back to 1 default profile: "default"
2024-09-11T01:10:57.455+05:30  INFO 3156 --- [PAYMENT-SERVICE] [restartedMain] o.s.c.c.c.ConfigServerConfigDataLoader   : Fetching config from server at : http://localhost:9196
2024-09-11T01:10:57.455+05:30  INFO 3156 --- [PAYMENT-SERVICE] [restartedMain] o.s.c.c.c.ConfigServerConfigDataLoader   : Located environment: name=PAYMENT-SERVICE, profiles=[default], label=null, version=b3143fb6a098a7cb0aed19e058bc3b60b8b8f8bb, state=null
2024-09-11T01:10:57.764+05:30  INFO 3156 --- [PAYMENT-SERVICE] [restartedMain] .s.d.r.c.RepositoryConfigurationDelegate : Bootstrapping Spring Data JPA repositories in DEFAULT mode.
2024-09-11T01:10:57.770+05:30  INFO 3156 --- [PAYMENT-SERVICE] [restartedMain] .s.d.r.c.RepositoryConfigurationDelegate : Finished Spring Data repository scanning in 5 ms. Found 1 JPA repository interface.
2024-09-11T01:10:57.842+05:30  INFO 3156 --- [PAYMENT-SERVICE] [restartedMain] o.s.cloud.context.scope.GenericScope     : BeanFactory id=7cde7c2f-4090-3b74-85d8-79281b3268ef
2024-09-11T01:10:57.874+05:30  WARN 3156 --- [PAYMENT-SERVICE] [restartedMain] trationDelegate$BeanPostProcessorChecker : Bean 'org.springframework.cloud.client.loadbalancer.LoadBalancerAutoConfiguration$DeferringLoadBalancerInterceptorConfig' of type [org.springframework.cloud.client.loadbalancer.LoadBalancerAutoConfiguration$DeferringLoadBalancerInterceptorConfig] is not eligible for getting processed by all BeanPostProcessors (for example: not eligible for auto-proxying). The currently created BeanPostProcessor [lbRestClientPostProcessor] is declared through a non-static factory method on that class; consider declaring it as static instead.
2024-09-11T01:10:57.875+05:30  WARN 3156 --- [PAYMENT-SERVICE] [restartedMain] trationDelegate$BeanPostProcessorChecker : Bean 'deferringLoadBalancerInterceptor' of type [org.springframework.cloud.client.loadbalancer.DeferringLoadBalancerInterceptor] is not eligible for getting processed by all BeanPostProcessors (for example: not eligible for auto-proxying). Is this bean getting eagerly injected into a currently created BeanPostProcessor [lbRestClientPostProcessor]? Check the corresponding BeanPostProcessor declaration and its dependencies.
2024-09-11T01:10:57.964+05:30  INFO 3156 --- [PAYMENT-SERVICE] [restartedMain] o.s.b.w.embedded.tomcat.TomcatWebServer  : Tomcat initialized with port 9191 (http)
2024-09-11T01:10:57.966+05:30  INFO 3156 --- [PAYMENT-SERVICE] [restartedMain] o.apache.catalina.core.StandardService   : Starting service [Tomcat]
2024-09-11T01:10:57.966+05:30  INFO 3156 --- [PAYMENT-SERVICE] [restartedMain] o.apache.catalina.core.StandardEngine    : Starting Servlet engine: [Apache Tomcat/10.1.28]
2024-09-11T01:10:58.000+05:30  INFO 3156 --- [PAYMENT-SERVICE] [restartedMain] o.a.c.c.C.[Tomcat].[localhost].[/]       : Initializing Spring embedded WebApplicationContext
2024-09-11T01:10:58.000+05:30  INFO 3156 --- [PAYMENT-SERVICE] [restartedMain] w.s.c.ServletWebServerApplicationContext : Root WebApplicationContext: initialization completed in 544 ms
2024-09-11T01:10:58.068+05:30  INFO 3156 --- [PAYMENT-SERVICE] [restartedMain] com.zaxxer.hikari.HikariDataSource       : HikariPool-10 - Starting...
2024-09-11T01:10:58.068+05:30  INFO 3156 --- [PAYMENT-SERVICE] [restartedMain] com.zaxxer.hikari.pool.HikariPool        : HikariPool-10 - Added connection conn90: url=jdbc:h2:mem:ranjan user=SA
2024-09-11T01:10:58.068+05:30  INFO 3156 --- [PAYMENT-SERVICE] [restartedMain] com.zaxxer.hikari.HikariDataSource       : HikariPool-10 - Start completed.
2024-09-11T01:10:58.068+05:30  INFO 3156 --- [PAYMENT-SERVICE] [restartedMain] o.s.b.a.h2.H2ConsoleAutoConfiguration    : H2 console available at '/h2-console'. Database available at 'jdbc:h2:mem:ranjan'
2024-09-11T01:10:58.143+05:30  INFO 3156 --- [PAYMENT-SERVICE] [restartedMain] o.hibernate.jpa.internal.util.LogHelper  : HHH000204: Processing PersistenceUnitInfo [name: default]
2024-09-11T01:10:58.145+05:30  INFO 3156 --- [PAYMENT-SERVICE] [restartedMain] o.h.c.internal.RegionFactoryInitiator    : HHH000026: Second-level cache disabled
2024-09-11T01:10:58.153+05:30  INFO 3156 --- [PAYMENT-SERVICE] [restartedMain] o.s.o.j.p.SpringPersistenceUnitInfo      : No LoadTimeWeaver setup: ignoring JPA class transformer
2024-09-11T01:10:58.180+05:30  INFO 3156 --- [PAYMENT-SERVICE] [restartedMain] o.h.e.t.j.p.i.JtaPlatformInitiator       : HHH000489: No JTA platform available (set 'hibernate.transaction.jta.platform' to enable JTA platform integration)
2024-09-11T01:10:58.182+05:30  INFO 3156 --- [PAYMENT-SERVICE] [restartedMain] j.LocalContainerEntityManagerFactoryBean : Initialized JPA EntityManagerFactory for persistence unit 'default'
2024-09-11T01:10:58.291+05:30  WARN 3156 --- [PAYMENT-SERVICE] [restartedMain] JpaBaseConfiguration$JpaWebConfiguration : spring.jpa.open-in-view is enabled by default. Therefore, database queries may be performed during view rendering. Explicitly configure spring.jpa.open-in-view to disable this warning
2024-09-11T01:10:59.645+05:30  INFO 3156 --- [PAYMENT-SERVICE] [restartedMain] o.s.cloud.commons.util.InetUtils         : Cannot determine local hostname
2024-09-11T01:10:59.905+05:30  WARN 3156 --- [PAYMENT-SERVICE] [restartedMain] o.s.b.d.a.OptionalLiveReloadServer       : Unable to start LiveReload server
2024-09-11T01:11:01.046+05:30  INFO 3156 --- [PAYMENT-SERVICE] [restartedMain] o.s.cloud.commons.util.InetUtils         : Cannot determine local hostname
2024-09-11T01:11:01.064+05:30  INFO 3156 --- [PAYMENT-SERVICE] [restartedMain] DiscoveryClientOptionalArgsConfiguration : Eureka HTTP Client uses RestTemplate.
2024-09-11T01:11:01.099+05:30  WARN 3156 --- [PAYMENT-SERVICE] [restartedMain] iguration$LoadBalancerCaffeineWarnLogger : Spring Cloud LoadBalancer is currently working with the default cache. While this cache implementation is useful for development and tests, it's recommended to use Caffeine cache in production.You can switch to using Caffeine cache, by adding it and org.springframework.cache.caffeine.CaffeineCacheManager to the classpath.
2024-09-11T01:11:01.105+05:30  INFO 3156 --- [PAYMENT-SERVICE] [restartedMain] o.s.b.a.e.web.EndpointLinksResolver      : Exposing 18 endpoints beneath base path '/actuator'
2024-09-11T01:11:01.143+05:30  INFO 3156 --- [PAYMENT-SERVICE] [restartedMain] o.s.c.n.eureka.InstanceInfoFactory       : Setting initial instance status as: STARTING
2024-09-11T01:11:01.146+05:30  INFO 3156 --- [PAYMENT-SERVICE] [restartedMain] com.netflix.discovery.DiscoveryClient    : Initializing Eureka in region us-east-1
2024-09-11T01:11:01.146+05:30  INFO 3156 --- [PAYMENT-SERVICE] [restartedMain] c.n.d.s.r.aws.ConfigClusterResolver      : Resolving eureka endpoints via configuration
2024-09-11T01:11:01.146+05:30  INFO 3156 --- [PAYMENT-SERVICE] [restartedMain] com.netflix.discovery.DiscoveryClient    : Disable delta property : false
2024-09-11T01:11:01.146+05:30  INFO 3156 --- [PAYMENT-SERVICE] [restartedMain] com.netflix.discovery.DiscoveryClient    : Single vip registry refresh property : null
2024-09-11T01:11:01.146+05:30  INFO 3156 --- [PAYMENT-SERVICE] [restartedMain] com.netflix.discovery.DiscoveryClient    : Force full registry fetch : false
2024-09-11T01:11:01.146+05:30  INFO 3156 --- [PAYMENT-SERVICE] [restartedMain] com.netflix.discovery.DiscoveryClient    : Application is null : false
2024-09-11T01:11:01.146+05:30  INFO 3156 --- [PAYMENT-SERVICE] [restartedMain] com.netflix.discovery.DiscoveryClient    : Registered Applications size is zero : true
2024-09-11T01:11:01.146+05:30  INFO 3156 --- [PAYMENT-SERVICE] [restartedMain] com.netflix.discovery.DiscoveryClient    : Application version is -1: true
2024-09-11T01:11:01.146+05:30  INFO 3156 --- [PAYMENT-SERVICE] [restartedMain] com.netflix.discovery.DiscoveryClient    : Getting all instance registry info from the eureka server
2024-09-11T01:11:01.165+05:30  INFO 3156 --- [PAYMENT-SERVICE] [restartedMain] com.netflix.discovery.DiscoveryClient    : The response status is 200
2024-09-11T01:11:01.166+05:30  INFO 3156 --- [PAYMENT-SERVICE] [restartedMain] com.netflix.discovery.DiscoveryClient    : Starting heartbeat executor: renew interval is: 30
2024-09-11T01:11:01.166+05:30  INFO 3156 --- [PAYMENT-SERVICE] [restartedMain] c.n.discovery.InstanceInfoReplicator     : InstanceInfoReplicator onDemand update allowed rate per min is 4
2024-09-11T01:11:01.167+05:30  INFO 3156 --- [PAYMENT-SERVICE] [restartedMain] com.netflix.discovery.DiscoveryClient    : Discovery Client initialized at timestamp 1725997261167 with initial instances count: 3
2024-09-11T01:11:01.172+05:30  INFO 3156 --- [PAYMENT-SERVICE] [restartedMain] o.s.c.n.e.s.EurekaServiceRegistry        : Registering application PAYMENT-SERVICE with eureka with status UP
2024-09-11T01:11:01.172+05:30  INFO 3156 --- [PAYMENT-SERVICE] [restartedMain] com.netflix.discovery.DiscoveryClient    : Saw local status change event StatusChangeEvent [timestamp=1725997261172, current=UP, previous=STARTING]
2024-09-11T01:11:01.172+05:30  INFO 3156 --- [PAYMENT-SERVICE] [DiscoveryClient-InstanceInfoReplicator-%d] com.netflix.discovery.DiscoveryClient    : DiscoveryClient_PAYMENT-SERVICE/localhost:PAYMENT-SERVICE:9191: registering service...
2024-09-11T01:11:01.178+05:30  INFO 3156 --- [PAYMENT-SERVICE] [restartedMain] o.s.b.w.embedded.tomcat.TomcatWebServer  : Tomcat started on port 9191 (http) with context path '/'
2024-09-11T01:11:01.178+05:30  INFO 3156 --- [PAYMENT-SERVICE] [restartedMain] .s.c.n.e.s.EurekaAutoServiceRegistration : Updating port to 9191
2024-09-11T01:11:01.186+05:30  INFO 3156 --- [PAYMENT-SERVICE] [DiscoveryClient-InstanceInfoReplicator-%d] com.netflix.discovery.DiscoveryClient    : DiscoveryClient_PAYMENT-SERVICE/localhost:PAYMENT-SERVICE:9191 - registration status: 204
2024-09-11T01:11:02.312+05:30  INFO 3156 --- [PAYMENT-SERVICE] [restartedMain] o.s.cloud.commons.util.InetUtils         : Cannot determine local hostname
2024-09-11T01:11:02.328+05:30  INFO 3156 --- [PAYMENT-SERVICE] [restartedMain] c.r.spring.ps.PaymentServiceApplication  : Started PaymentServiceApplication in 7.006 seconds (process running for 2031.026)
2024-09-11T01:11:02.333+05:30  INFO 3156 --- [PAYMENT-SERVICE] [restartedMain] .ConditionEvaluationDeltaLoggingListener : Condition evaluation delta:


==========================
CONDITION EVALUATION DELTA
==========================


Positive matches:
-----------------

   LogFileWebEndpointAutoConfiguration#logFileWebEndpoint matched:
      - Log File found logging.file.name elk.log (LogFileWebEndpointAutoConfiguration.LogFileCondition)
      - @ConditionalOnMissingBean (types: org.springframework.boot.actuate.logging.LogFileWebEndpoint; SearchStrategy: all) did not find any beans (OnBeanCondition)


Negative matches:
-----------------

    None


Exclusions:
-----------

    None


Unconditional classes:
----------------------

    None



2024-09-11T01:11:34.572+05:30  INFO 3156 --- [PAYMENT-SERVICE] [File Watcher] rtingClassPathChangeChangedEventListener : Restarting due to 1 class path change (0 additions, 0 deletions, 1 modification)
2024-09-11T01:11:34.573+05:30  INFO 3156 --- [PAYMENT-SERVICE] [Thread-56] o.s.c.n.e.s.EurekaServiceRegistry        : Unregistering application PAYMENT-SERVICE with eureka with status DOWN
2024-09-11T01:11:34.573+05:30  INFO 3156 --- [PAYMENT-SERVICE] [Thread-56] com.netflix.discovery.DiscoveryClient    : Saw local status change event StatusChangeEvent [timestamp=1725997294573, current=DOWN, previous=UP]
2024-09-11T01:11:34.573+05:30  INFO 3156 --- [PAYMENT-SERVICE] [DiscoveryClient-InstanceInfoReplicator-%d] com.netflix.discovery.DiscoveryClient    : DiscoveryClient_PAYMENT-SERVICE/localhost:PAYMENT-SERVICE:9191: registering service...
2024-09-11T01:11:34.579+05:30  INFO 3156 --- [PAYMENT-SERVICE] [DiscoveryClient-InstanceInfoReplicator-%d] com.netflix.discovery.DiscoveryClient    : DiscoveryClient_PAYMENT-SERVICE/localhost:PAYMENT-SERVICE:9191 - registration status: 204
2024-09-11T01:11:34.639+05:30  INFO 3156 --- [PAYMENT-SERVICE] [Thread-56] j.LocalContainerEntityManagerFactoryBean : Closing JPA EntityManagerFactory for persistence unit 'default'
2024-09-11T01:11:34.640+05:30  WARN 3156 --- [PAYMENT-SERVICE] [Thread-56] o.s.b.f.support.DisposableBeanAdapter    : Invocation of destroy method failed on bean with name 'inMemoryDatabaseShutdownExecutor': org.h2.jdbc.JdbcSQLNonTransientConnectionException: Database is already closed (to disable automatic closing at VM shutdown, add ";DB_CLOSE_ON_EXIT=FALSE" to the db URL) [90121-224]
2024-09-11T01:11:34.641+05:30  INFO 3156 --- [PAYMENT-SERVICE] [Thread-56] com.zaxxer.hikari.HikariDataSource       : HikariPool-10 - Shutdown initiated...
2024-09-11T01:11:34.642+05:30  INFO 3156 --- [PAYMENT-SERVICE] [Thread-56] com.zaxxer.hikari.HikariDataSource       : HikariPool-10 - Shutdown completed.
2024-09-11T01:11:34.642+05:30  INFO 3156 --- [PAYMENT-SERVICE] [Thread-56] com.netflix.discovery.DiscoveryClient    : Shutting down DiscoveryClient ...
2024-09-11T01:11:37.644+05:30  INFO 3156 --- [PAYMENT-SERVICE] [Thread-56] com.netflix.discovery.DiscoveryClient    : Unregistering ...
2024-09-11T01:11:37.650+05:30  INFO 3156 --- [PAYMENT-SERVICE] [Thread-56] com.netflix.discovery.DiscoveryClient    : DiscoveryClient_PAYMENT-SERVICE/localhost:PAYMENT-SERVICE:9191 - deregister  status: 200
2024-09-11T01:11:37.650+05:30  INFO 3156 --- [PAYMENT-SERVICE] [Thread-56] com.netflix.discovery.DiscoveryClient    : Completed shut down of DiscoveryClient
