2024-09-11T01:11:39.851+05:30  INFO 3156 --- [PAYMENT-SERVICE] [restartedMain] c.r.spring.ps.PaymentServiceApplication  : Starting PaymentServiceApplication using Java 17.0.12 with PID 3156 (D:\Education\java\Spring\Workspace\SW1\Microservice\Payment-Service\target\classes started by Ranjan in D:\Education\java\Spring\Workspace\SW1\Microservice\Payment-Service)
2024-09-11T01:11:39.851+05:30  INFO 3156 --- [PAYMENT-SERVICE] [restartedMain] c.r.spring.ps.PaymentServiceApplication  : No active profile set, falling back to 1 default profile: "default"
2024-09-11T01:11:39.853+05:30  INFO 3156 --- [PAYMENT-SERVICE] [restartedMain] o.s.c.c.c.ConfigServerConfigDataLoader   : Fetching config from server at : http://localhost:9196
2024-09-11T01:11:39.854+05:30  INFO 3156 --- [PAYMENT-SERVICE] [restartedMain] o.s.c.c.c.ConfigServerConfigDataLoader   : Located environment: name=PAYMENT-SERVICE, profiles=[default], label=null, version=b3143fb6a098a7cb0aed19e058bc3b60b8b8f8bb, state=null
2024-09-11T01:11:40.189+05:30  INFO 3156 --- [PAYMENT-SERVICE] [restartedMain] .s.d.r.c.RepositoryConfigurationDelegate : Bootstrapping Spring Data JPA repositories in DEFAULT mode.
2024-09-11T01:11:40.192+05:30  INFO 3156 --- [PAYMENT-SERVICE] [restartedMain] .s.d.r.c.RepositoryConfigurationDelegate : Finished Spring Data repository scanning in 4 ms. Found 1 JPA repository interface.
2024-09-11T01:11:40.265+05:30  INFO 3156 --- [PAYMENT-SERVICE] [restartedMain] o.s.cloud.context.scope.GenericScope     : BeanFactory id=7cde7c2f-4090-3b74-85d8-79281b3268ef
2024-09-11T01:11:40.303+05:30  WARN 3156 --- [PAYMENT-SERVICE] [restartedMain] trationDelegate$BeanPostProcessorChecker : Bean 'org.springframework.cloud.client.loadbalancer.LoadBalancerAutoConfiguration$DeferringLoadBalancerInterceptorConfig' of type [org.springframework.cloud.client.loadbalancer.LoadBalancerAutoConfiguration$DeferringLoadBalancerInterceptorConfig] is not eligible for getting processed by all BeanPostProcessors (for example: not eligible for auto-proxying). The currently created BeanPostProcessor [lbRestClientPostProcessor] is declared through a non-static factory method on that class; consider declaring it as static instead.
2024-09-11T01:11:40.305+05:30  WARN 3156 --- [PAYMENT-SERVICE] [restartedMain] trationDelegate$BeanPostProcessorChecker : Bean 'deferringLoadBalancerInterceptor' of type [org.springframework.cloud.client.loadbalancer.DeferringLoadBalancerInterceptor] is not eligible for getting processed by all BeanPostProcessors (for example: not eligible for auto-proxying). Is this bean getting eagerly injected into a currently created BeanPostProcessor [lbRestClientPostProcessor]? Check the corresponding BeanPostProcessor declaration and its dependencies.
2024-09-11T01:11:40.393+05:30  INFO 3156 --- [PAYMENT-SERVICE] [restartedMain] o.s.b.w.embedded.tomcat.TomcatWebServer  : Tomcat initialized with port 9191 (http)
2024-09-11T01:11:40.394+05:30  INFO 3156 --- [PAYMENT-SERVICE] [restartedMain] o.apache.catalina.core.StandardService   : Starting service [Tomcat]
2024-09-11T01:11:40.394+05:30  INFO 3156 --- [PAYMENT-SERVICE] [restartedMain] o.apache.catalina.core.StandardEngine    : Starting Servlet engine: [Apache Tomcat/10.1.28]
2024-09-11T01:11:40.427+05:30  INFO 3156 --- [PAYMENT-SERVICE] [restartedMain] o.a.c.c.C.[Tomcat].[localhost].[/]       : Initializing Spring embedded WebApplicationContext
2024-09-11T01:11:40.428+05:30  INFO 3156 --- [PAYMENT-SERVICE] [restartedMain] w.s.c.ServletWebServerApplicationContext : Root WebApplicationContext: initialization completed in 573 ms
2024-09-11T01:11:40.486+05:30  INFO 3156 --- [PAYMENT-SERVICE] [restartedMain] com.zaxxer.hikari.HikariDataSource       : HikariPool-11 - Starting...
2024-09-11T01:11:40.488+05:30  INFO 3156 --- [PAYMENT-SERVICE] [restartedMain] com.zaxxer.hikari.pool.HikariPool        : HikariPool-11 - Added connection conn100: url=jdbc:h2:mem:ranjan user=SA
2024-09-11T01:11:40.488+05:30  INFO 3156 --- [PAYMENT-SERVICE] [restartedMain] com.zaxxer.hikari.HikariDataSource       : HikariPool-11 - Start completed.
2024-09-11T01:11:40.488+05:30  INFO 3156 --- [PAYMENT-SERVICE] [restartedMain] o.s.b.a.h2.H2ConsoleAutoConfiguration    : H2 console available at '/h2-console'. Database available at 'jdbc:h2:mem:ranjan'
2024-09-11T01:11:40.559+05:30  INFO 3156 --- [PAYMENT-SERVICE] [restartedMain] o.hibernate.jpa.internal.util.LogHelper  : HHH000204: Processing PersistenceUnitInfo [name: default]
2024-09-11T01:11:40.562+05:30  INFO 3156 --- [PAYMENT-SERVICE] [restartedMain] o.h.c.internal.RegionFactoryInitiator    : HHH000026: Second-level cache disabled
2024-09-11T01:11:40.569+05:30  INFO 3156 --- [PAYMENT-SERVICE] [restartedMain] o.s.o.j.p.SpringPersistenceUnitInfo      : No LoadTimeWeaver setup: ignoring JPA class transformer
2024-09-11T01:11:40.595+05:30  INFO 3156 --- [PAYMENT-SERVICE] [restartedMain] o.h.e.t.j.p.i.JtaPlatformInitiator       : HHH000489: No JTA platform available (set 'hibernate.transaction.jta.platform' to enable JTA platform integration)
2024-09-11T01:11:40.597+05:30  INFO 3156 --- [PAYMENT-SERVICE] [restartedMain] j.LocalContainerEntityManagerFactoryBean : Initialized JPA EntityManagerFactory for persistence unit 'default'
2024-09-11T01:11:40.701+05:30  WARN 3156 --- [PAYMENT-SERVICE] [restartedMain] JpaBaseConfiguration$JpaWebConfiguration : spring.jpa.open-in-view is enabled by default. Therefore, database queries may be performed during view rendering. Explicitly configure spring.jpa.open-in-view to disable this warning
2024-09-11T01:11:42.046+05:30  INFO 3156 --- [PAYMENT-SERVICE] [restartedMain] o.s.cloud.commons.util.InetUtils         : Cannot determine local hostname
2024-09-11T01:11:42.310+05:30  WARN 3156 --- [PAYMENT-SERVICE] [restartedMain] o.s.b.d.a.OptionalLiveReloadServer       : Unable to start LiveReload server
2024-09-11T01:11:43.442+05:30  INFO 3156 --- [PAYMENT-SERVICE] [restartedMain] o.s.cloud.commons.util.InetUtils         : Cannot determine local hostname
2024-09-11T01:11:43.480+05:30  INFO 3156 --- [PAYMENT-SERVICE] [restartedMain] DiscoveryClientOptionalArgsConfiguration : Eureka HTTP Client uses RestTemplate.
2024-09-11T01:11:43.523+05:30  WARN 3156 --- [PAYMENT-SERVICE] [restartedMain] iguration$LoadBalancerCaffeineWarnLogger : Spring Cloud LoadBalancer is currently working with the default cache. While this cache implementation is useful for development and tests, it's recommended to use Caffeine cache in production.You can switch to using Caffeine cache, by adding it and org.springframework.cache.caffeine.CaffeineCacheManager to the classpath.
2024-09-11T01:11:43.530+05:30  INFO 3156 --- [PAYMENT-SERVICE] [restartedMain] o.s.b.a.e.web.EndpointLinksResolver      : Exposing 18 endpoints beneath base path '/actuator'
2024-09-11T01:11:43.562+05:30  INFO 3156 --- [PAYMENT-SERVICE] [restartedMain] o.s.c.n.eureka.InstanceInfoFactory       : Setting initial instance status as: STARTING
2024-09-11T01:11:43.565+05:30  INFO 3156 --- [PAYMENT-SERVICE] [restartedMain] com.netflix.discovery.DiscoveryClient    : Initializing Eureka in region us-east-1
2024-09-11T01:11:43.565+05:30  INFO 3156 --- [PAYMENT-SERVICE] [restartedMain] c.n.d.s.r.aws.ConfigClusterResolver      : Resolving eureka endpoints via configuration
2024-09-11T01:11:43.565+05:30  INFO 3156 --- [PAYMENT-SERVICE] [restartedMain] com.netflix.discovery.DiscoveryClient    : Disable delta property : false
2024-09-11T01:11:43.565+05:30  INFO 3156 --- [PAYMENT-SERVICE] [restartedMain] com.netflix.discovery.DiscoveryClient    : Single vip registry refresh property : null
2024-09-11T01:11:43.565+05:30  INFO 3156 --- [PAYMENT-SERVICE] [restartedMain] com.netflix.discovery.DiscoveryClient    : Force full registry fetch : false
2024-09-11T01:11:43.565+05:30  INFO 3156 --- [PAYMENT-SERVICE] [restartedMain] com.netflix.discovery.DiscoveryClient    : Application is null : false
2024-09-11T01:11:43.565+05:30  INFO 3156 --- [PAYMENT-SERVICE] [restartedMain] com.netflix.discovery.DiscoveryClient    : Registered Applications size is zero : true
2024-09-11T01:11:43.565+05:30  INFO 3156 --- [PAYMENT-SERVICE] [restartedMain] com.netflix.discovery.DiscoveryClient    : Application version is -1: true
2024-09-11T01:11:43.565+05:30  INFO 3156 --- [PAYMENT-SERVICE] [restartedMain] com.netflix.discovery.DiscoveryClient    : Getting all instance registry info from the eureka server
2024-09-11T01:11:43.584+05:30  INFO 3156 --- [PAYMENT-SERVICE] [restartedMain] com.netflix.discovery.DiscoveryClient    : The response status is 200
2024-09-11T01:11:43.585+05:30  INFO 3156 --- [PAYMENT-SERVICE] [restartedMain] com.netflix.discovery.DiscoveryClient    : Starting heartbeat executor: renew interval is: 30
2024-09-11T01:11:43.585+05:30  INFO 3156 --- [PAYMENT-SERVICE] [restartedMain] c.n.discovery.InstanceInfoReplicator     : InstanceInfoReplicator onDemand update allowed rate per min is 4
2024-09-11T01:11:43.585+05:30  INFO 3156 --- [PAYMENT-SERVICE] [restartedMain] com.netflix.discovery.DiscoveryClient    : Discovery Client initialized at timestamp 1725997303585 with initial instances count: 4
2024-09-11T01:11:43.590+05:30  INFO 3156 --- [PAYMENT-SERVICE] [restartedMain] o.s.c.n.e.s.EurekaServiceRegistry        : Registering application PAYMENT-SERVICE with eureka with status UP
2024-09-11T01:11:43.590+05:30  INFO 3156 --- [PAYMENT-SERVICE] [restartedMain] com.netflix.discovery.DiscoveryClient    : Saw local status change event StatusChangeEvent [timestamp=1725997303590, current=UP, previous=STARTING]
2024-09-11T01:11:43.590+05:30  INFO 3156 --- [PAYMENT-SERVICE] [DiscoveryClient-InstanceInfoReplicator-%d] com.netflix.discovery.DiscoveryClient    : DiscoveryClient_PAYMENT-SERVICE/localhost:PAYMENT-SERVICE:9191: registering service...
2024-09-11T01:11:43.595+05:30  INFO 3156 --- [PAYMENT-SERVICE] [restartedMain] o.s.b.w.embedded.tomcat.TomcatWebServer  : Tomcat started on port 9191 (http) with context path '/'
2024-09-11T01:11:43.595+05:30  INFO 3156 --- [PAYMENT-SERVICE] [restartedMain] .s.c.n.e.s.EurekaAutoServiceRegistration : Updating port to 9191
2024-09-11T01:11:43.601+05:30  INFO 3156 --- [PAYMENT-SERVICE] [DiscoveryClient-InstanceInfoReplicator-%d] com.netflix.discovery.DiscoveryClient    : DiscoveryClient_PAYMENT-SERVICE/localhost:PAYMENT-SERVICE:9191 - registration status: 204
2024-09-11T01:11:44.729+05:30  INFO 3156 --- [PAYMENT-SERVICE] [restartedMain] o.s.cloud.commons.util.InetUtils         : Cannot determine local hostname
2024-09-11T01:11:44.757+05:30  INFO 3156 --- [PAYMENT-SERVICE] [restartedMain] c.r.spring.ps.PaymentServiceApplication  : Started PaymentServiceApplication in 7.041 seconds (process running for 2073.454)
2024-09-11T01:11:44.760+05:30  INFO 3156 --- [PAYMENT-SERVICE] [restartedMain] .ConditionEvaluationDeltaLoggingListener : Condition evaluation unchanged
2024-09-11T01:12:44.387+05:30  INFO 3156 --- [PAYMENT-SERVICE] [RMI TCP Connection(74)-127.0.0.1] inMXBeanRegistrar$SpringApplicationAdmin : Application shutdown requested.
2024-09-11T01:12:44.388+05:30  INFO 3156 --- [PAYMENT-SERVICE] [RMI TCP Connection(74)-127.0.0.1] o.s.c.n.e.s.EurekaServiceRegistry        : Unregistering application PAYMENT-SERVICE with eureka with status DOWN
2024-09-11T01:12:44.388+05:30  INFO 3156 --- [PAYMENT-SERVICE] [RMI TCP Connection(74)-127.0.0.1] com.netflix.discovery.DiscoveryClient    : Saw local status change event StatusChangeEvent [timestamp=1725997364388, current=DOWN, previous=UP]
2024-09-11T01:12:44.388+05:30  INFO 3156 --- [PAYMENT-SERVICE] [DiscoveryClient-InstanceInfoReplicator-%d] com.netflix.discovery.DiscoveryClient    : DiscoveryClient_PAYMENT-SERVICE/localhost:PAYMENT-SERVICE:9191: registering service...
2024-09-11T01:12:44.392+05:30  INFO 3156 --- [PAYMENT-SERVICE] [DiscoveryClient-InstanceInfoReplicator-%d] com.netflix.discovery.DiscoveryClient    : DiscoveryClient_PAYMENT-SERVICE/localhost:PAYMENT-SERVICE:9191 - registration status: 204
2024-09-11T01:12:44.454+05:30  INFO 3156 --- [PAYMENT-SERVICE] [RMI TCP Connection(74)-127.0.0.1] j.LocalContainerEntityManagerFactoryBean : Closing JPA EntityManagerFactory for persistence unit 'default'
2024-09-11T01:12:44.455+05:30  WARN 3156 --- [PAYMENT-SERVICE] [RMI TCP Connection(74)-127.0.0.1] o.s.b.f.support.DisposableBeanAdapter    : Invocation of destroy method failed on bean with name 'inMemoryDatabaseShutdownExecutor': org.h2.jdbc.JdbcSQLNonTransientConnectionException: Database is already closed (to disable automatic closing at VM shutdown, add ";DB_CLOSE_ON_EXIT=FALSE" to the db URL) [90121-224]
2024-09-11T01:12:44.455+05:30  INFO 3156 --- [PAYMENT-SERVICE] [RMI TCP Connection(74)-127.0.0.1] com.zaxxer.hikari.HikariDataSource       : HikariPool-11 - Shutdown initiated...
2024-09-11T01:12:44.457+05:30  INFO 3156 --- [PAYMENT-SERVICE] [RMI TCP Connection(74)-127.0.0.1] com.zaxxer.hikari.HikariDataSource       : HikariPool-11 - Shutdown completed.
2024-09-11T01:12:44.457+05:30  INFO 3156 --- [PAYMENT-SERVICE] [RMI TCP Connection(74)-127.0.0.1] com.netflix.discovery.DiscoveryClient    : Shutting down DiscoveryClient ...
2024-09-11T01:12:47.465+05:30  INFO 3156 --- [PAYMENT-SERVICE] [RMI TCP Connection(74)-127.0.0.1] com.netflix.discovery.DiscoveryClient    : Unregistering ...
2024-09-11T01:12:47.482+05:30  INFO 3156 --- [PAYMENT-SERVICE] [RMI TCP Connection(74)-127.0.0.1] com.netflix.discovery.DiscoveryClient    : DiscoveryClient_PAYMENT-SERVICE/localhost:PAYMENT-SERVICE:9191 - deregister  status: 200
2024-09-11T01:12:47.483+05:30  INFO 3156 --- [PAYMENT-SERVICE] [RMI TCP Connection(74)-127.0.0.1] com.netflix.discovery.DiscoveryClient    : Completed shut down of DiscoveryClient
2024-09-11T01:12:52.828+05:30  INFO 10856 --- [PAYMENT-SERVICE] [restartedMain] c.r.spring.ps.PaymentServiceApplication  : Starting PaymentServiceApplication using Java 17.0.12 with PID 10856 (D:\Education\java\Spring\Workspace\SW1\Microservice\Payment-Service\target\classes started by Ranjan in D:\Education\java\Spring\Workspace\SW1\Microservice\Payment-Service)
2024-09-11T01:12:52.831+05:30  INFO 10856 --- [PAYMENT-SERVICE] [restartedMain] c.r.spring.ps.PaymentServiceApplication  : No active profile set, falling back to 1 default profile: "default"
2024-09-11T01:12:52.881+05:30  INFO 10856 --- [PAYMENT-SERVICE] [restartedMain] o.s.c.c.c.ConfigServerConfigDataLoader   : Fetching config from server at : http://localhost:9196
2024-09-11T01:12:52.881+05:30  INFO 10856 --- [PAYMENT-SERVICE] [restartedMain] o.s.c.c.c.ConfigServerConfigDataLoader   : Located environment: name=PAYMENT-SERVICE, profiles=[default], label=null, version=b3143fb6a098a7cb0aed19e058bc3b60b8b8f8bb, state=null
2024-09-11T01:12:52.884+05:30  INFO 10856 --- [PAYMENT-SERVICE] [restartedMain] .e.DevToolsPropertyDefaultsPostProcessor : Devtools property defaults active! Set 'spring.devtools.add-properties' to 'false' to disable
2024-09-11T01:12:52.884+05:30  INFO 10856 --- [PAYMENT-SERVICE] [restartedMain] .e.DevToolsPropertyDefaultsPostProcessor : For additional web related logging consider setting the 'logging.level.web' property to 'DEBUG'
2024-09-11T01:12:54.018+05:30  INFO 10856 --- [PAYMENT-SERVICE] [restartedMain] .s.d.r.c.RepositoryConfigurationDelegate : Bootstrapping Spring Data JPA repositories in DEFAULT mode.
2024-09-11T01:12:54.162+05:30  INFO 10856 --- [PAYMENT-SERVICE] [restartedMain] .s.d.r.c.RepositoryConfigurationDelegate : Finished Spring Data repository scanning in 137 ms. Found 1 JPA repository interface.
2024-09-11T01:12:54.432+05:30  INFO 10856 --- [PAYMENT-SERVICE] [restartedMain] o.s.cloud.context.scope.GenericScope     : BeanFactory id=7cde7c2f-4090-3b74-85d8-79281b3268ef
2024-09-11T01:12:54.793+05:30  WARN 10856 --- [PAYMENT-SERVICE] [restartedMain] trationDelegate$BeanPostProcessorChecker : Bean 'org.springframework.cloud.client.loadbalancer.LoadBalancerAutoConfiguration$DeferringLoadBalancerInterceptorConfig' of type [org.springframework.cloud.client.loadbalancer.LoadBalancerAutoConfiguration$DeferringLoadBalancerInterceptorConfig] is not eligible for getting processed by all BeanPostProcessors (for example: not eligible for auto-proxying). The currently created BeanPostProcessor [lbRestClientPostProcessor] is declared through a non-static factory method on that class; consider declaring it as static instead.
2024-09-11T01:12:54.797+05:30  WARN 10856 --- [PAYMENT-SERVICE] [restartedMain] trationDelegate$BeanPostProcessorChecker : Bean 'deferringLoadBalancerInterceptor' of type [org.springframework.cloud.client.loadbalancer.DeferringLoadBalancerInterceptor] is not eligible for getting processed by all BeanPostProcessors (for example: not eligible for auto-proxying). Is this bean getting eagerly injected into a currently created BeanPostProcessor [lbRestClientPostProcessor]? Check the corresponding BeanPostProcessor declaration and its dependencies.
2024-09-11T01:12:55.239+05:30  INFO 10856 --- [PAYMENT-SERVICE] [restartedMain] o.s.b.w.embedded.tomcat.TomcatWebServer  : Tomcat initialized with port 9191 (http)
2024-09-11T01:12:55.252+05:30  INFO 10856 --- [PAYMENT-SERVICE] [restartedMain] o.apache.catalina.core.StandardService   : Starting service [Tomcat]
2024-09-11T01:12:55.252+05:30  INFO 10856 --- [PAYMENT-SERVICE] [restartedMain] o.apache.catalina.core.StandardEngine    : Starting Servlet engine: [Apache Tomcat/10.1.28]
2024-09-11T01:12:55.323+05:30  INFO 10856 --- [PAYMENT-SERVICE] [restartedMain] o.a.c.c.C.[Tomcat].[localhost].[/]       : Initializing Spring embedded WebApplicationContext
2024-09-11T01:12:55.323+05:30  INFO 10856 --- [PAYMENT-SERVICE] [restartedMain] w.s.c.ServletWebServerApplicationContext : Root WebApplicationContext: initialization completed in 2438 ms
2024-09-11T01:12:55.468+05:30  INFO 10856 --- [PAYMENT-SERVICE] [restartedMain] com.zaxxer.hikari.HikariDataSource       : HikariPool-1 - Starting...
2024-09-11T01:12:55.657+05:30  INFO 10856 --- [PAYMENT-SERVICE] [restartedMain] com.zaxxer.hikari.pool.HikariPool        : HikariPool-1 - Added connection conn0: url=jdbc:h2:mem:ranjan user=SA
2024-09-11T01:12:55.660+05:30  INFO 10856 --- [PAYMENT-SERVICE] [restartedMain] com.zaxxer.hikari.HikariDataSource       : HikariPool-1 - Start completed.
2024-09-11T01:12:55.672+05:30  INFO 10856 --- [PAYMENT-SERVICE] [restartedMain] o.s.b.a.h2.H2ConsoleAutoConfiguration    : H2 console available at '/h2-console'. Database available at 'jdbc:h2:mem:ranjan'
2024-09-11T01:12:55.984+05:30  INFO 10856 --- [PAYMENT-SERVICE] [restartedMain] o.hibernate.jpa.internal.util.LogHelper  : HHH000204: Processing PersistenceUnitInfo [name: default]
2024-09-11T01:12:56.056+05:30  INFO 10856 --- [PAYMENT-SERVICE] [restartedMain] org.hibernate.Version                    : HHH000412: Hibernate ORM core version 6.5.2.Final
2024-09-11T01:12:56.114+05:30  INFO 10856 --- [PAYMENT-SERVICE] [restartedMain] o.h.c.internal.RegionFactoryInitiator    : HHH000026: Second-level cache disabled
2024-09-11T01:12:56.545+05:30  INFO 10856 --- [PAYMENT-SERVICE] [restartedMain] o.s.o.j.p.SpringPersistenceUnitInfo      : No LoadTimeWeaver setup: ignoring JPA class transformer
2024-09-11T01:12:57.866+05:30  INFO 10856 --- [PAYMENT-SERVICE] [restartedMain] o.h.e.t.j.p.i.JtaPlatformInitiator       : HHH000489: No JTA platform available (set 'hibernate.transaction.jta.platform' to enable JTA platform integration)
2024-09-11T01:12:57.914+05:30  INFO 10856 --- [PAYMENT-SERVICE] [restartedMain] j.LocalContainerEntityManagerFactoryBean : Initialized JPA EntityManagerFactory for persistence unit 'default'
2024-09-11T01:12:58.482+05:30  WARN 10856 --- [PAYMENT-SERVICE] [restartedMain] JpaBaseConfiguration$JpaWebConfiguration : spring.jpa.open-in-view is enabled by default. Therefore, database queries may be performed during view rendering. Explicitly configure spring.jpa.open-in-view to disable this warning
2024-09-11T01:13:00.246+05:30  INFO 10856 --- [PAYMENT-SERVICE] [restartedMain] o.s.cloud.commons.util.InetUtils         : Cannot determine local hostname
2024-09-11T01:13:00.818+05:30  WARN 10856 --- [PAYMENT-SERVICE] [restartedMain] o.s.b.d.a.OptionalLiveReloadServer       : Unable to start LiveReload server
2024-09-11T01:13:02.032+05:30  INFO 10856 --- [PAYMENT-SERVICE] [restartedMain] o.s.cloud.commons.util.InetUtils         : Cannot determine local hostname
2024-09-11T01:13:02.051+05:30  INFO 10856 --- [PAYMENT-SERVICE] [restartedMain] DiscoveryClientOptionalArgsConfiguration : Eureka HTTP Client uses RestTemplate.
2024-09-11T01:13:02.118+05:30  WARN 10856 --- [PAYMENT-SERVICE] [restartedMain] iguration$LoadBalancerCaffeineWarnLogger : Spring Cloud LoadBalancer is currently working with the default cache. While this cache implementation is useful for development and tests, it's recommended to use Caffeine cache in production.You can switch to using Caffeine cache, by adding it and org.springframework.cache.caffeine.CaffeineCacheManager to the classpath.
2024-09-11T01:13:02.131+05:30  INFO 10856 --- [PAYMENT-SERVICE] [restartedMain] o.s.b.a.e.web.EndpointLinksResolver      : Exposing 18 endpoints beneath base path '/actuator'
2024-09-11T01:13:02.249+05:30  INFO 10856 --- [PAYMENT-SERVICE] [restartedMain] o.s.c.n.eureka.InstanceInfoFactory       : Setting initial instance status as: STARTING
2024-09-11T01:13:02.277+05:30  INFO 10856 --- [PAYMENT-SERVICE] [restartedMain] com.netflix.discovery.DiscoveryClient    : Initializing Eureka in region us-east-1
2024-09-11T01:13:02.281+05:30  INFO 10856 --- [PAYMENT-SERVICE] [restartedMain] c.n.d.s.r.aws.ConfigClusterResolver      : Resolving eureka endpoints via configuration
2024-09-11T01:13:02.292+05:30  INFO 10856 --- [PAYMENT-SERVICE] [restartedMain] com.netflix.discovery.DiscoveryClient    : Disable delta property : false
2024-09-11T01:13:02.292+05:30  INFO 10856 --- [PAYMENT-SERVICE] [restartedMain] com.netflix.discovery.DiscoveryClient    : Single vip registry refresh property : null
2024-09-11T01:13:02.293+05:30  INFO 10856 --- [PAYMENT-SERVICE] [restartedMain] com.netflix.discovery.DiscoveryClient    : Force full registry fetch : false
2024-09-11T01:13:02.293+05:30  INFO 10856 --- [PAYMENT-SERVICE] [restartedMain] com.netflix.discovery.DiscoveryClient    : Application is null : false
2024-09-11T01:13:02.293+05:30  INFO 10856 --- [PAYMENT-SERVICE] [restartedMain] com.netflix.discovery.DiscoveryClient    : Registered Applications size is zero : true
2024-09-11T01:13:02.293+05:30  INFO 10856 --- [PAYMENT-SERVICE] [restartedMain] com.netflix.discovery.DiscoveryClient    : Application version is -1: true
2024-09-11T01:13:02.293+05:30  INFO 10856 --- [PAYMENT-SERVICE] [restartedMain] com.netflix.discovery.DiscoveryClient    : Getting all instance registry info from the eureka server
2024-09-11T01:13:02.649+05:30  INFO 10856 --- [PAYMENT-SERVICE] [restartedMain] com.netflix.discovery.DiscoveryClient    : The response status is 200
2024-09-11T01:13:02.652+05:30  INFO 10856 --- [PAYMENT-SERVICE] [restartedMain] com.netflix.discovery.DiscoveryClient    : Starting heartbeat executor: renew interval is: 30
2024-09-11T01:13:02.656+05:30  INFO 10856 --- [PAYMENT-SERVICE] [restartedMain] c.n.discovery.InstanceInfoReplicator     : InstanceInfoReplicator onDemand update allowed rate per min is 4
2024-09-11T01:13:02.658+05:30  INFO 10856 --- [PAYMENT-SERVICE] [restartedMain] com.netflix.discovery.DiscoveryClient    : Discovery Client initialized at timestamp 1725997382657 with initial instances count: 2
2024-09-11T01:13:02.667+05:30  INFO 10856 --- [PAYMENT-SERVICE] [restartedMain] o.s.c.n.e.s.EurekaServiceRegistry        : Registering application PAYMENT-SERVICE with eureka with status UP
2024-09-11T01:13:02.668+05:30  INFO 10856 --- [PAYMENT-SERVICE] [restartedMain] com.netflix.discovery.DiscoveryClient    : Saw local status change event StatusChangeEvent [timestamp=1725997382668, current=UP, previous=STARTING]
2024-09-11T01:13:02.670+05:30  INFO 10856 --- [PAYMENT-SERVICE] [DiscoveryClient-InstanceInfoReplicator-%d] com.netflix.discovery.DiscoveryClient    : DiscoveryClient_PAYMENT-SERVICE/localhost:PAYMENT-SERVICE:9191: registering service...
2024-09-11T01:13:02.701+05:30  INFO 10856 --- [PAYMENT-SERVICE] [restartedMain] o.s.b.w.embedded.tomcat.TomcatWebServer  : Tomcat started on port 9191 (http) with context path '/'
2024-09-11T01:13:02.702+05:30  INFO 10856 --- [PAYMENT-SERVICE] [restartedMain] .s.c.n.e.s.EurekaAutoServiceRegistration : Updating port to 9191
2024-09-11T01:13:02.731+05:30  INFO 10856 --- [PAYMENT-SERVICE] [DiscoveryClient-InstanceInfoReplicator-%d] com.netflix.discovery.DiscoveryClient    : DiscoveryClient_PAYMENT-SERVICE/localhost:PAYMENT-SERVICE:9191 - registration status: 204
2024-09-11T01:13:03.923+05:30  INFO 10856 --- [PAYMENT-SERVICE] [restartedMain] o.s.cloud.commons.util.InetUtils         : Cannot determine local hostname
2024-09-11T01:13:03.944+05:30  INFO 10856 --- [PAYMENT-SERVICE] [restartedMain] c.r.spring.ps.PaymentServiceApplication  : Started PaymentServiceApplication in 14.06 seconds (process running for 14.777)
2024-09-11T01:13:04.183+05:30  INFO 10856 --- [PAYMENT-SERVICE] [RMI TCP Connection(7)-127.0.0.1] o.a.c.c.C.[Tomcat].[localhost].[/]       : Initializing Spring DispatcherServlet 'dispatcherServlet'
2024-09-11T01:13:04.183+05:30  INFO 10856 --- [PAYMENT-SERVICE] [RMI TCP Connection(7)-127.0.0.1] o.s.web.servlet.DispatcherServlet        : Initializing Servlet 'dispatcherServlet'
2024-09-11T01:13:04.185+05:30  INFO 10856 --- [PAYMENT-SERVICE] [RMI TCP Connection(7)-127.0.0.1] o.s.web.servlet.DispatcherServlet        : Completed initialization in 1 ms
2024-09-11T01:14:54.604+05:30  INFO 10856 --- [PAYMENT-SERVICE] [http-nio-9191-exec-1] c.r.spring.ps.service.PaymentService     : PaymentService request: {"paymentId":0,"paymentStatus":"Failed","transactionID":"f5f965f0-fc97-4cad-9ad6-a983dc96efb9","orderId":102,"amount":4000.0} 
2024-09-11T01:15:52.873+05:30  INFO 10856 --- [PAYMENT-SERVICE] [File Watcher] rtingClassPathChangeChangedEventListener : Restarting due to 1 class path change (0 additions, 0 deletions, 1 modification)
2024-09-11T01:15:52.881+05:30  INFO 10856 --- [PAYMENT-SERVICE] [Thread-1] o.s.c.n.e.s.EurekaServiceRegistry        : Unregistering application PAYMENT-SERVICE with eureka with status DOWN
2024-09-11T01:15:52.881+05:30  INFO 10856 --- [PAYMENT-SERVICE] [Thread-1] com.netflix.discovery.DiscoveryClient    : Saw local status change event StatusChangeEvent [timestamp=1725997552881, current=DOWN, previous=UP]
2024-09-11T01:15:52.882+05:30  INFO 10856 --- [PAYMENT-SERVICE] [DiscoveryClient-InstanceInfoReplicator-%d] com.netflix.discovery.DiscoveryClient    : DiscoveryClient_PAYMENT-SERVICE/localhost:PAYMENT-SERVICE:9191: registering service...
2024-09-11T01:15:52.896+05:30  INFO 10856 --- [PAYMENT-SERVICE] [DiscoveryClient-InstanceInfoReplicator-%d] com.netflix.discovery.DiscoveryClient    : DiscoveryClient_PAYMENT-SERVICE/localhost:PAYMENT-SERVICE:9191 - registration status: 204
2024-09-11T01:15:52.954+05:30  INFO 10856 --- [PAYMENT-SERVICE] [Thread-1] j.LocalContainerEntityManagerFactoryBean : Closing JPA EntityManagerFactory for persistence unit 'default'
2024-09-11T01:15:52.960+05:30  WARN 10856 --- [PAYMENT-SERVICE] [Thread-1] o.s.b.f.support.DisposableBeanAdapter    : Invocation of destroy method failed on bean with name 'inMemoryDatabaseShutdownExecutor': org.h2.jdbc.JdbcSQLNonTransientConnectionException: Database is already closed (to disable automatic closing at VM shutdown, add ";DB_CLOSE_ON_EXIT=FALSE" to the db URL) [90121-224]
2024-09-11T01:15:52.961+05:30  INFO 10856 --- [PAYMENT-SERVICE] [Thread-1] com.zaxxer.hikari.HikariDataSource       : HikariPool-1 - Shutdown initiated...
2024-09-11T01:15:52.964+05:30  INFO 10856 --- [PAYMENT-SERVICE] [Thread-1] com.zaxxer.hikari.HikariDataSource       : HikariPool-1 - Shutdown completed.
2024-09-11T01:15:52.965+05:30  INFO 10856 --- [PAYMENT-SERVICE] [Thread-1] com.netflix.discovery.DiscoveryClient    : Shutting down DiscoveryClient ...
2024-09-11T01:15:55.969+05:30  INFO 10856 --- [PAYMENT-SERVICE] [Thread-1] com.netflix.discovery.DiscoveryClient    : Unregistering ...
2024-09-11T01:15:55.988+05:30  INFO 10856 --- [PAYMENT-SERVICE] [Thread-1] com.netflix.discovery.DiscoveryClient    : DiscoveryClient_PAYMENT-SERVICE/localhost:PAYMENT-SERVICE:9191 - deregister  status: 200
2024-09-11T01:15:55.989+05:30  INFO 10856 --- [PAYMENT-SERVICE] [Thread-1] com.netflix.discovery.DiscoveryClient    : Completed shut down of DiscoveryClient
2024-09-11T01:15:58.154+05:30  INFO 10856 --- [PAYMENT-SERVICE] [restartedMain] c.r.spring.ps.PaymentServiceApplication  : Starting PaymentServiceApplication using Java 17.0.12 with PID 10856 (D:\Education\java\Spring\Workspace\SW1\Microservice\Payment-Service\target\classes started by Ranjan in D:\Education\java\Spring\Workspace\SW1\Microservice\Payment-Service)
2024-09-11T01:15:58.155+05:30  INFO 10856 --- [PAYMENT-SERVICE] [restartedMain] c.r.spring.ps.PaymentServiceApplication  : No active profile set, falling back to 1 default profile: "default"
2024-09-11T01:15:58.158+05:30  INFO 10856 --- [PAYMENT-SERVICE] [restartedMain] o.s.c.c.c.ConfigServerConfigDataLoader   : Fetching config from server at : http://localhost:9196
2024-09-11T01:15:58.158+05:30  INFO 10856 --- [PAYMENT-SERVICE] [restartedMain] o.s.c.c.c.ConfigServerConfigDataLoader   : Located environment: name=PAYMENT-SERVICE, profiles=[default], label=null, version=b3143fb6a098a7cb0aed19e058bc3b60b8b8f8bb, state=null
2024-09-11T01:15:58.455+05:30  INFO 10856 --- [PAYMENT-SERVICE] [restartedMain] .s.d.r.c.RepositoryConfigurationDelegate : Bootstrapping Spring Data JPA repositories in DEFAULT mode.
2024-09-11T01:15:58.462+05:30  INFO 10856 --- [PAYMENT-SERVICE] [restartedMain] .s.d.r.c.RepositoryConfigurationDelegate : Finished Spring Data repository scanning in 7 ms. Found 1 JPA repository interface.
2024-09-11T01:15:58.546+05:30  INFO 10856 --- [PAYMENT-SERVICE] [restartedMain] o.s.cloud.context.scope.GenericScope     : BeanFactory id=7cde7c2f-4090-3b74-85d8-79281b3268ef
2024-09-11T01:15:58.578+05:30  WARN 10856 --- [PAYMENT-SERVICE] [restartedMain] trationDelegate$BeanPostProcessorChecker : Bean 'org.springframework.cloud.client.loadbalancer.LoadBalancerAutoConfiguration$DeferringLoadBalancerInterceptorConfig' of type [org.springframework.cloud.client.loadbalancer.LoadBalancerAutoConfiguration$DeferringLoadBalancerInterceptorConfig] is not eligible for getting processed by all BeanPostProcessors (for example: not eligible for auto-proxying). The currently created BeanPostProcessor [lbRestClientPostProcessor] is declared through a non-static factory method on that class; consider declaring it as static instead.
2024-09-11T01:15:58.580+05:30  WARN 10856 --- [PAYMENT-SERVICE] [restartedMain] trationDelegate$BeanPostProcessorChecker : Bean 'deferringLoadBalancerInterceptor' of type [org.springframework.cloud.client.loadbalancer.DeferringLoadBalancerInterceptor] is not eligible for getting processed by all BeanPostProcessors (for example: not eligible for auto-proxying). Is this bean getting eagerly injected into a currently created BeanPostProcessor [lbRestClientPostProcessor]? Check the corresponding BeanPostProcessor declaration and its dependencies.
2024-09-11T01:15:58.664+05:30  INFO 10856 --- [PAYMENT-SERVICE] [restartedMain] o.s.b.w.embedded.tomcat.TomcatWebServer  : Tomcat initialized with port 9191 (http)
2024-09-11T01:15:58.664+05:30  INFO 10856 --- [PAYMENT-SERVICE] [restartedMain] o.apache.catalina.core.StandardService   : Starting service [Tomcat]
2024-09-11T01:15:58.665+05:30  INFO 10856 --- [PAYMENT-SERVICE] [restartedMain] o.apache.catalina.core.StandardEngine    : Starting Servlet engine: [Apache Tomcat/10.1.28]
2024-09-11T01:15:58.697+05:30  INFO 10856 --- [PAYMENT-SERVICE] [restartedMain] o.a.c.c.C.[Tomcat].[localhost].[/]       : Initializing Spring embedded WebApplicationContext
2024-09-11T01:15:58.697+05:30  INFO 10856 --- [PAYMENT-SERVICE] [restartedMain] w.s.c.ServletWebServerApplicationContext : Root WebApplicationContext: initialization completed in 539 ms
2024-09-11T01:15:58.768+05:30  INFO 10856 --- [PAYMENT-SERVICE] [restartedMain] com.zaxxer.hikari.HikariDataSource       : HikariPool-2 - Starting...
2024-09-11T01:15:58.771+05:30  INFO 10856 --- [PAYMENT-SERVICE] [restartedMain] com.zaxxer.hikari.pool.HikariPool        : HikariPool-2 - Added connection conn10: url=jdbc:h2:mem:ranjan user=SA
2024-09-11T01:15:58.771+05:30  INFO 10856 --- [PAYMENT-SERVICE] [restartedMain] com.zaxxer.hikari.HikariDataSource       : HikariPool-2 - Start completed.
2024-09-11T01:15:58.771+05:30  INFO 10856 --- [PAYMENT-SERVICE] [restartedMain] o.s.b.a.h2.H2ConsoleAutoConfiguration    : H2 console available at '/h2-console'. Database available at 'jdbc:h2:mem:ranjan'
